[20:07:24] [Server thread/INFO]: Starting minecraft server version 1.7.10
[20:07:31] [Server thread/INFO]: Loading properties
[20:07:31] [Server thread/INFO]: Default game type: SURVIVAL
[20:07:31] [Server thread/INFO]: Generating keypair
[20:07:31] [Server thread/INFO]: Starting Minecraft server on *:25565
[20:07:31] [Server thread/WARN]: **** SERVER IS RUNNING IN OFFLINE/INSECURE MODE!
[20:07:31] [Server thread/WARN]: The server will make no attempt to authenticate usernames. Beware.
[20:07:31] [Server thread/WARN]: While this makes the game possible to play without internet access, it also opens up the ability for hackers to connect with any username they choose.
[20:07:31] [Server thread/WARN]: To change this, set "online-mode" to "true" in the server.properties file.
[20:07:32] [Server thread/INFO]: Preparing level "world"
[20:07:37] [Server thread/INFO]: Preparing start region for level 0
[20:07:38] [Server thread/INFO]: Done (5.225s)! For help, type "help" or "?"
[20:08:59] [Server thread/INFO]: Najoab123[/127.179.125.151:37759] logged in with entity id 3723 at (-244.24524907892317, 64.0, 57.96573679235222)
[20:08:59] [Server thread/INFO]: Najoab123 joined the game
[20:09:12] [Server thread/INFO]: [Najoab123: Set own game mode to Creative Mode]
[20:11:37] [Server thread/INFO]: Leonardo_Messi[/127.10.154.178:51847] logged in with entity id 5193 at (-262.92528250093636, 64.0, 40.46437002858139)
[20:11:37] [Server thread/INFO]: Leonardo_Messi joined the game
[20:20:35] [Server thread/WARN]: Couldn't look up profile properties for com.mojang.authlib.GameProfile@2a43693b[id=57a31703-a5bf-3f64-ad9d-30b2bbcdc9f7,name=Najoab123,properties={},legacy=false]
com.mojang.authlib.exceptions.AuthenticationUnavailableException: Cannot contact authentication server
	at com.mojang.authlib.yggdrasil.YggdrasilAuthenticationService.makeRequest(YggdrasilAuthenticationService.java:71) ~[minecraft_server.1.7.10.jar:?]
	at com.mojang.authlib.yggdrasil.YggdrasilMinecraftSessionService.fillProfileProperties(YggdrasilMinecraftSessionService.java:135) [minecraft_server.1.7.10.jar:?]
	at cyano.lootable.entities.EntityLootableBody.updatePlayerProfile(EntityLootableBody.java:152) [EntityLootableBody.class:?]
	at cyano.lootable.entities.EntityLootableBody.setOwner(EntityLootableBody.java:119) [EntityLootableBody.class:?]
	at cyano.lootable.events.PlayerDeathEventHandler.playerDeathEvent(PlayerDeathEventHandler.java:65) [PlayerDeathEventHandler.class:?]
	at cpw.mods.fml.common.eventhandler.ASMEventHandler_199_PlayerDeathEventHandler_playerDeathEvent_LivingDeathEvent.invoke(.dynamic) [?:?]
	at cpw.mods.fml.common.eventhandler.ASMEventHandler.invoke(ASMEventHandler.java:54) [ASMEventHandler.class:?]
	at cpw.mods.fml.common.eventhandler.EventBus.post(EventBus.java:140) [EventBus.class:?]
	at net.minecraftforge.common.ForgeHooks.onLivingDeath(ForgeHooks.java:303) [ForgeHooks.class:?]
	at net.minecraft.entity.player.EntityPlayerMP.func_70645_a(EntityPlayerMP.java:405) [mw.class:?]
	at net.minecraft.entity.EntityLivingBase.func_70097_a(EntityLivingBase.java:855) [sv.class:?]
	at net.minecraft.entity.player.EntityPlayer.func_70097_a(EntityPlayer.java:1034) [yz.class:?]
	at net.minecraft.entity.player.EntityPlayerMP.func_70097_a(EntityPlayerMP.java:491) [mw.class:?]
	at net.minecraft.command.CommandKill.func_71515_b(SourceFile:29) [aw.class:?]
	at net.minecraft.command.CommandHandler.func_71556_a(CommandHandler.java:94) [z.class:?]
	at net.minecraft.network.NetHandlerPlayServer.func_147361_d(NetHandlerPlayServer.java:739) [nh.class:?]
	at net.minecraft.network.NetHandlerPlayServer.func_147354_a(NetHandlerPlayServer.java:718) [nh.class:?]
	at net.minecraft.network.play.client.C01PacketChatMessage.func_148833_a(SourceFile:37) [ir.class:?]
	at net.minecraft.network.play.client.C01PacketChatMessage.func_148833_a(SourceFile:9) [ir.class:?]
	at net.minecraft.network.NetworkManager.func_74428_b(NetworkManager.java:212) [ej.class:?]
	at net.minecraft.network.NetworkSystem.func_151269_c(NetworkSystem.java:165) [nc.class:?]
	at net.minecraft.server.MinecraftServer.func_71190_q(MinecraftServer.java:659) [MinecraftServer.class:?]
	at net.minecraft.server.dedicated.DedicatedServer.func_71190_q(DedicatedServer.java:334) [lt.class:?]
	at net.minecraft.server.MinecraftServer.func_71217_p(MinecraftServer.java:547) [MinecraftServer.class:?]
	at net.minecraft.server.MinecraftServer.run(MinecraftServer.java:427) [MinecraftServer.class:?]
	at net.minecraft.server.MinecraftServer$2.run(MinecraftServer.java:685) [li.class:?]
Caused by: javax.net.ssl.SSLException: Connection reset
	at sun.security.ssl.Alert.createSSLException(Alert.java:127) ~[?:1.8.0_442]
	at sun.security.ssl.TransportContext.fatal(TransportContext.java:331) ~[?:1.8.0_442]
	at sun.security.ssl.TransportContext.fatal(TransportContext.java:274) ~[?:1.8.0_442]
	at sun.security.ssl.TransportContext.fatal(TransportContext.java:269) ~[?:1.8.0_442]
	at sun.security.ssl.SSLTransport.decode(SSLTransport.java:138) ~[?:1.8.0_442]
	at sun.security.ssl.SSLSocketImpl.decode(SSLSocketImpl.java:1401) ~[?:1.8.0_442]
	at sun.security.ssl.SSLSocketImpl.readHandshakeRecord(SSLSocketImpl.java:1309) ~[?:1.8.0_442]
	at sun.security.ssl.SSLSocketImpl.startHandshake(SSLSocketImpl.java:440) ~[?:1.8.0_442]
	at sun.net.www.protocol.https.HttpsClient.afterConnect(HttpsClient.java:567) ~[?:1.8.0_442]
	at sun.net.www.protocol.https.AbstractDelegateHttpsURLConnection.connect(AbstractDelegateHttpsURLConnection.java:197) ~[?:1.8.0_442]
	at sun.net.www.protocol.http.HttpURLConnection.getInputStream0(HttpURLConnection.java:1587) ~[?:1.8.0_442]
	at sun.net.www.protocol.http.HttpURLConnection.access$200(HttpURLConnection.java:92) ~[?:1.8.0_442]
	at sun.net.www.protocol.http.HttpURLConnection$9.run(HttpURLConnection.java:1507) ~[?:1.8.0_442]
	at sun.net.www.protocol.http.HttpURLConnection$9.run(HttpURLConnection.java:1505) ~[?:1.8.0_442]
	at java.security.AccessController.doPrivileged(Native Method) ~[?:1.8.0_442]
	at java.security.AccessController.doPrivilegedWithCombiner(AccessController.java:784) ~[?:1.8.0_442]
	at sun.net.www.protocol.http.HttpURLConnection.getInputStream(HttpURLConnection.java:1504) ~[?:1.8.0_442]
	at sun.net.www.protocol.https.HttpsURLConnectionImpl.getInputStream(HttpsURLConnectionImpl.java:268) ~[?:1.8.0_442]
	at com.mojang.authlib.HttpAuthenticationService.performGetRequest(HttpAuthenticationService.java:126) ~[minecraft_server.1.7.10.jar:?]
	at com.mojang.authlib.yggdrasil.YggdrasilAuthenticationService.makeRequest(YggdrasilAuthenticationService.java:54) ~[minecraft_server.1.7.10.jar:?]
	... 25 more
Caused by: java.net.SocketException: Connection reset
	at java.net.SocketInputStream.read(SocketInputStream.java:210) ~[?:1.8.0_442]
	at java.net.SocketInputStream.read(SocketInputStream.java:141) ~[?:1.8.0_442]
	at sun.security.ssl.SSLSocketInputRecord.read(SSLSocketInputRecord.java:464) ~[?:1.8.0_442]
	at sun.security.ssl.SSLSocketInputRecord.decode(SSLSocketInputRecord.java:165) ~[?:1.8.0_442]
	at sun.security.ssl.SSLTransport.decode(SSLTransport.java:109) ~[?:1.8.0_442]
	at sun.security.ssl.SSLSocketImpl.decode(SSLSocketImpl.java:1401) ~[?:1.8.0_442]
	at sun.security.ssl.SSLSocketImpl.readHandshakeRecord(SSLSocketImpl.java:1309) ~[?:1.8.0_442]
	at sun.security.ssl.SSLSocketImpl.startHandshake(SSLSocketImpl.java:440) ~[?:1.8.0_442]
	at sun.net.www.protocol.https.HttpsClient.afterConnect(HttpsClient.java:567) ~[?:1.8.0_442]
	at sun.net.www.protocol.https.AbstractDelegateHttpsURLConnection.connect(AbstractDelegateHttpsURLConnection.java:197) ~[?:1.8.0_442]
	at sun.net.www.protocol.http.HttpURLConnection.getInputStream0(HttpURLConnection.java:1587) ~[?:1.8.0_442]
	at sun.net.www.protocol.http.HttpURLConnection.access$200(HttpURLConnection.java:92) ~[?:1.8.0_442]
	at sun.net.www.protocol.http.HttpURLConnection$9.run(HttpURLConnection.java:1507) ~[?:1.8.0_442]
	at sun.net.www.protocol.http.HttpURLConnection$9.run(HttpURLConnection.java:1505) ~[?:1.8.0_442]
	at java.security.AccessController.doPrivileged(Native Method) ~[?:1.8.0_442]
	at java.security.AccessController.doPrivilegedWithCombiner(AccessController.java:784) ~[?:1.8.0_442]
	at sun.net.www.protocol.http.HttpURLConnection.getInputStream(HttpURLConnection.java:1504) ~[?:1.8.0_442]
	at sun.net.www.protocol.https.HttpsURLConnectionImpl.getInputStream(HttpsURLConnectionImpl.java:268) ~[?:1.8.0_442]
	at com.mojang.authlib.HttpAuthenticationService.performGetRequest(HttpAuthenticationService.java:126) ~[minecraft_server.1.7.10.jar:?]
	at com.mojang.authlib.yggdrasil.YggdrasilAuthenticationService.makeRequest(YggdrasilAuthenticationService.java:54) ~[minecraft_server.1.7.10.jar:?]
	... 25 more
[20:20:35] [Server thread/INFO]: Najoab123 fell out of the world
